# JRE version: OpenJDK Runtime Environment Corretto-15.0.2.7.1 (15.0.2+7) (build 15.0.2+7)
# Java VM: OpenJDK 64-Bit Server VM Corretto-15.0.2.7.1 (15.0.2+7, mixed mode, sharing, tiered, compressed oops, g1 gc, windows-amd64)
GC Precious Log:
 CPUs: 4 total, 4 available
 Memory: 16339M
 Large Page Support: Disabled
 NUMA Support: Disabled
 Compressed Oops: Enabled (Zero based)
 Heap Region Size: 2M
 Heap Min Capacity: 8M
 Heap Initial Capacity: 256M
 Heap Max Capacity: 4086M
 Pre-touch: Disabled
 Parallel Workers: 4
 Concurrent Workers: 1
 Concurrent Refinement Workers: 4
 Periodic GC: Disabled
Heap:
 garbage-first heap   total 61440K, used 30242K [0x0000000700a00000, 0x0000000800000000)
  region size 2048K, 13 young (26624K), 4 survivors (8192K)
 Metaspace       used 21565K, capacity 21918K, committed 22064K, reserved 1069056K
  class space    used 2582K, capacity 2684K, committed 2688K, reserved 1048576K
GC Heap History (8 events):
Event: 0.679 GC heap before
{Heap before GC invocations=0 (full 0):
 garbage-first heap   total 262144K, used 10240K [0x0000000700a00000, 0x0000000800000000)
  region size 2048K, 6 young (12288K), 0 survivors (0K)
 Metaspace       used 641K, capacity 4483K, committed 4864K, reserved 1056768K
  class space    used 43K, capacity 385K, committed 512K, reserved 1048576K
}
Event: 0.683 GC heap after
{Heap after GC invocations=1 (full 0):
 garbage-first heap   total 262144K, used 7403K [0x0000000700a00000, 0x0000000800000000)
  region size 2048K, 1 young (2048K), 1 survivors (2048K)
 Metaspace       used 641K, capacity 4483K, committed 4864K, reserved 1056768K
  class space    used 43K, capacity 385K, committed 512K, reserved 1048576K
}
Event: 1.158 GC heap before
{Heap before GC invocations=1 (full 0):
 garbage-first heap   total 262144K, used 17643K [0x0000000700a00000, 0x0000000800000000)
  region size 2048K, 6 young (12288K), 1 survivors (2048K)
 Metaspace       used 4225K, capacity 6085K, committed 6272K, reserved 1056768K
  class space    used 439K, capacity 599K, committed 640K, reserved 1048576K
}
Event: 1.162 GC heap after
{Heap after GC invocations=2 (full 0):
 garbage-first heap   total 262144K, used 9330K [0x0000000700a00000, 0x0000000800000000)
  region size 2048K, 1 young (2048K), 1 survivors (2048K)
 Metaspace       used 4225K, capacity 6085K, committed 6272K, reserved 1056768K
  class space    used 439K, capacity 599K, committed 640K, reserved 1048576K
}
Event: 1.230 GC heap before
{Heap before GC invocations=2 (full 0):
 garbage-first heap   total 262144K, used 23666K [0x0000000700a00000, 0x0000000800000000)
  region size 2048K, 9 young (18432K), 1 survivors (2048K)
 Metaspace       used 4339K, capacity 6085K, committed 6272K, reserved 1056768K
  class space    used 449K, capacity 599K, committed 640K, reserved 1048576K
}
Event: 1.232 GC heap after
{Heap after GC invocations=3 (full 0):
 garbage-first heap   total 262144K, used 9550K [0x0000000700a00000, 0x0000000800000000)
  region size 2048K, 2 young (4096K), 2 survivors (4096K)
 Metaspace       used 4339K, capacity 6085K, committed 6272K, reserved 1056768K
  class space    used 449K, capacity 599K, committed 640K, reserved 1048576K
}
Event: 3.582 GC heap before
{Heap before GC invocations=3 (full 0):
 garbage-first heap   total 262144K, used 107854K [0x0000000700a00000, 0x0000000800000000)
  region size 2048K, 52 young (106496K), 2 survivors (4096K)
 Metaspace       used 20840K, capacity 21163K, committed 21296K, reserved 1069056K
  class space    used 2489K, capacity 2606K, committed 2688K, reserved 1048576K
}
Event: 3.590 GC heap after
{Heap after GC invocations=4 (full 0):
 garbage-first heap   total 262144K, used 13858K [0x0000000700a00000, 0x0000000800000000)
  region size 2048K, 4 young (8192K), 4 survivors (8192K)
 Metaspace       used 20840K, capacity 21163K, committed 21296K, reserved 1069056K
  class space    used 2489K, capacity 2606K, committed 2688K, reserved 1048576K
}

